#
# A fatal error has been detected by the Java Runtime Environment:
#
#  Internal Error (javaCalls.cpp:51), pid=5968, tid=0x00000000000019c4
#  guarantee(thread->is_Java_thread()) failed: crucial check - the VM thread cannot and must not escape to Java code
#
# JRE version: Java(TM) SE Runtime Environment (8.0_181-b13) (build 1.8.0_181-b13)
# Java VM: Java HotSpot(TM) 64-Bit Server VM (25.181-b13 mixed mode windows-amd64 compressed oops)
# Failed to write core dump. Minidumps are not enabled by default on client versions of Windows
#
# If you would like to submit a bug report, please visit:
#   http://bugreport.java.com/bugreport/crash.jsp
#

---------------  T H R E A D  ---------------

Current thread (0x000000001459f800):  VMThread [stack: 0x00000000150a0000,0x00000000151a0000] [id=6596]

Stack: [0x00000000150a0000,0x00000000151a0000]
[error occurred during error reporting (printing stack bounds), id 0xc0000005]

Native frames: (J=compiled Java code, j=interpreted, Vv=VM code, C=native code)

VM_Operation (0x000000001592efd0): GetOrSetLocal, mode: safepoint, requested by thread 0x000000001461d800


---------------  P R O C E S S  ---------------

Java Threads: ( => current thread )
  0x0000000015e26000 JavaThread "Service Thread" daemon [_thread_blocked, id=5420, stack(0x0000000016420000,0x0000000016520000)]
  0x0000000015d85000 JavaThread "C1 CompilerThread1" daemon [_thread_blocked, id=7020, stack(0x0000000015b00000,0x0000000015c00000)]
  0x0000000015d84000 JavaThread "C2 CompilerThread0" daemon [_thread_blocked, id=7028, stack(0x0000000016250000,0x0000000016350000)]
  0x000000001462e800 JavaThread "JDWP Command Reader" daemon [_thread_in_native, id=112, stack(0x0000000015c50000,0x0000000015d50000)]
  0x0000000014629000 JavaThread "JDWP Event Helper Thread" daemon [_thread_blocked, id=6180, stack(0x0000000015990000,0x0000000015a90000)]
  0x000000001461d800 JavaThread "JDWP Transport Listener: dt_socket" daemon [_thread_blocked, id=4392, stack(0x0000000015830000,0x0000000015930000)]
  0x000000001460e000 JavaThread "Attach Listener" daemon [_thread_blocked, id=6872, stack(0x00000000156c0000,0x00000000157c0000)]
  0x0000000014614800 JavaThread "Signal Dispatcher" daemon [_thread_blocked, id=5668, stack(0x0000000015510000,0x0000000015610000)]
  0x00000000145f0800 JavaThread "Finalizer" daemon [_thread_blocked, id=6096, stack(0x00000000153d0000,0x00000000154d0000)]
  0x00000000145a7800 JavaThread "Reference Handler" daemon [_thread_blocked, id=6332, stack(0x00000000151c0000,0x00000000152c0000)]
  0x0000000001fd0000 JavaThread "main" [_thread_blocked, id=4172, stack(0x00000000023e0000,0x00000000024e0000)]

Other Threads:
=>0x000000001459f800 VMThread [stack: 0x00000000150a0000,0x00000000151a0000] [id=6596]
  0x0000000015e92800 WatcherThread [stack: 0x00000000165b0000,0x00000000166b0000] [id=6008]

VM state:at safepoint (normal execution)

VM Mutex/Monitor currently owned by a thread:  ([mutex/lock_event])
[0x000000000212e8b0] Threads_lock - owner thread: 0x000000001459f800

Heap:
 PSYoungGen      total 14336K, used 2265K [0x00000000f0000000, 0x00000000f1000000, 0x0000000100000000)
  eden space 12288K, 18% used [0x00000000f0000000,0x00000000f0236558,0x00000000f0c00000)
  from space 2048K, 0% used [0x00000000f0e00000,0x00000000f0e00000,0x00000000f1000000)
  to   space 2048K, 0% used [0x00000000f0c00000,0x00000000f0c00000,0x00000000f0e00000)
 ParOldGen       total 32768K, used 0K [0x00000000d0000000, 0x00000000d2000000, 0x00000000f0000000)
  object space 32768K, 0% used [0x00000000d0000000,0x00000000d0000000,0x00000000d2000000)
 Metaspace       used 3183K, capacity 4600K, committed 4864K, reserved 1056768K
  class space    used 344K, capacity 424K, committed 512K, reserved 1048576K

Card table byte_map: [0x0000000011c70000,0x0000000011e00000] byte_map_base: 0x00000000115f0000

Marking Bits: (ParMarkBitMap*) 0x00000000518f2d00
 Begin Bits: [0x00000000122f0000, 0x0000000012ef0000)
 End Bits:   [0x0000000012ef0000, 0x0000000013af0000)

Polling page: 0x0000000000130000

CodeCache: size=245760Kb used=1125Kb max_used=1133Kb free=244634Kb
 bounds [0x00000000028b0000, 0x0000000002b20000, 0x00000000118b0000]
 total_blobs=267 nmethods=32 adapters=158
 compilation: enabled

Compilation events (10 events):
Event: 3.100 Thread 0x0000000015d85000 nmethod 28 0x00000000029c6390 code [0x00000000029c6540, 0x00000000029c6bf0]
Event: 3.101 Thread 0x0000000015d85000   29       3       java.io.WinNTFileSystem::isLetter (30 bytes)
Event: 3.101 Thread 0x0000000015d85000 nmethod 29 0x00000000029c6fd0 code [0x00000000029c7140, 0x00000000029c7390]
Event: 3.103 Thread 0x0000000015d85000   30       3       java.util.HashMap::getNode (148 bytes)
Event: 3.104 Thread 0x0000000015d85000 nmethod 30 0x00000000029c7410 code [0x00000000029c75e0, 0x00000000029c7f88]
Event: 3.105 Thread 0x0000000015d85000   31       3       java.lang.String::toCharArray (25 bytes)
Event: 3.105 Thread 0x0000000015d84000 nmethod 27 0x00000000029cb250 code [0x00000000029cb3a0, 0x00000000029cb768]
Event: 3.106 Thread 0x0000000015d85000 nmethod 31 0x00000000029cad90 code [0x00000000029caf00, 0x00000000029cb188]
Event: 9.100 Thread 0x0000000015d85000   32       3       java.lang.StringBuilder::append (8 bytes)
Event: 9.101 Thread 0x0000000015d85000 nmethod 32 0x00000000029ca2d0 code [0x00000000029ca480, 0x00000000029caa18]

GC Heap History (0 events):
No events

Deoptimization events (0 events):
No events

Classes redefined (3 events):
Event: 72.225 Thread 0x000000001459f800 redefined class name=com_kamil_excersize.misztal_edu_pl.spotkanie_7.grupa_zaawansowana.zadanie_8.Lista, count=1
Event: 206.285 Thread 0x000000001459f800 redefined class name=com_kamil_excersize.misztal_edu_pl.spotkanie_7.grupa_zaawansowana.zadanie_8.Lista, count=2
Event: 263.129 Thread 0x000000001459f800 redefined class name=com_kamil_excersize.misztal_edu_pl.spotkanie_7.grupa_zaawansowana.zadanie_8.Lista, count=3

Internal exceptions (2 events):
Event: 0.647 Thread 0x0000000001fd0000 Exception <a 'java/lang/NoSuchMethodError': Method sun.misc.Unsafe.defineClass(Ljava/lang/String;[BII)Ljava/lang/Class; name or signature does not match> (0x00000000f0007cb0) thrown at [C:\re\workspace\8-2-build-windows-amd64-cygwin\jdk8u181\11358\hotspot
Event: 0.647 Thread 0x0000000001fd0000 Exception <a 'java/lang/NoSuchMethodError': Method sun.misc.Unsafe.prefetchRead(Ljava/lang/Object;J)V name or signature does not match> (0x00000000f0007f98) thrown at [C:\re\workspace\8-2-build-windows-amd64-cygwin\jdk8u181\11358\hotspot\src\share\vm\prim

Events (10 events):
Event: 206.738 Executing VM operation: ChangeBreakpoints done
Event: 206.850 Executing VM operation: GetOrSetLocal
Event: 206.850 Executing VM operation: GetOrSetLocal done
Event: 240.154 Executing VM operation: ChangeBreakpoints
Event: 240.154 Executing VM operation: ChangeBreakpoints done
Event: 240.157 Executing VM operation: ChangeBreakpoints
Event: 240.157 Executing VM operation: ChangeBreakpoints done
Event: 263.128 Executing VM operation: RedefineClasses
Event: 263.129 Executing VM operation: RedefineClasses done
Event: 263.133 Executing VM operation: GetOrSetLocal


Dynamic libraries:
0x000000013f680000 - 0x000000013f6b7000 	C:\Program Files\Java\jdk1.8.0_181\bin\java.exe
0x0000000077310000 - 0x00000000774b9000 	C:\Windows\SYSTEM32\ntdll.dll
0x00000000771f0000 - 0x000000007730f000 	C:\Windows\system32\kernel32.dll
0x000007fefd270000 - 0x000007fefd2dc000 	C:\Windows\system32\KERNELBASE.dll
0x000007feff540000 - 0x000007feff61b000 	C:\Windows\system32\ADVAPI32.dll
0x000007fefdb10000 - 0x000007fefdbaf000 	C:\Windows\system32\msvcrt.dll
0x000007fefdc30000 - 0x000007fefdc4f000 	C:\Windows\SYSTEM32\sechost.dll
0x000007fefd880000 - 0x000007fefd9ad000 	C:\Windows\system32\RPCRT4.dll
0x00000000770f0000 - 0x00000000771ea000 	C:\Windows\system32\USER32.dll
0x000007feff4a0000 - 0x000007feff507000 	C:\Windows\system32\GDI32.dll
0x000007feff490000 - 0x000007feff49e000 	C:\Windows\system32\LPK.dll
0x000007fefef60000 - 0x000007feff029000 	C:\Windows\system32\USP10.dll
0x000007fefbb00000 - 0x000007fefbcf4000 	C:\Windows\WinSxS\amd64_microsoft.windows.common-controls_6595b64144ccf1df_6.0.7601.18837_none_fa3b1e3d17594757\COMCTL32.dll
0x000007fefdbb0000 - 0x000007fefdc21000 	C:\Windows\system32\SHLWAPI.dll
0x000007feff510000 - 0x000007feff53e000 	C:\Windows\system32\IMM32.DLL
0x000007fefdf50000 - 0x000007fefe059000 	C:\Windows\system32\MSCTF.dll
0x0000000051980000 - 0x0000000051a52000 	C:\Program Files\Java\jdk1.8.0_181\jre\bin\msvcr100.dll
0x00000000510d0000 - 0x0000000051972000 	C:\Program Files\Java\jdk1.8.0_181\jre\bin\server\jvm.dll
0x000007feeff50000 - 0x000007feeff59000 	C:\Windows\system32\WSOCK32.dll
0x000007fefef10000 - 0x000007fefef5d000 	C:\Windows\system32\WS2_32.dll
0x000007fefd870000 - 0x000007fefd878000 	C:\Windows\system32\NSI.dll
0x000007fef95f0000 - 0x000007fef962b000 	C:\Windows\system32\WINMM.dll
0x000007fefc190000 - 0x000007fefc19c000 	C:\Windows\system32\VERSION.dll
0x00000000774e0000 - 0x00000000774e7000 	C:\Windows\system32\PSAPI.DLL
0x0000000064910000 - 0x000000006491f000 	C:\Program Files\Java\jdk1.8.0_181\jre\bin\verify.dll
0x0000000051b10000 - 0x0000000051b39000 	C:\Program Files\Java\jdk1.8.0_181\jre\bin\java.dll
0x0000000050390000 - 0x00000000503c5000 	C:\Program Files\Java\jdk1.8.0_181\jre\bin\jdwp.dll
0x0000000050380000 - 0x0000000050388000 	C:\Program Files\Java\jdk1.8.0_181\jre\bin\npt.dll
0x0000000050350000 - 0x0000000050373000 	C:\Program Files\Java\jdk1.8.0_181\jre\bin\instrument.dll
0x0000000051af0000 - 0x0000000051b06000 	C:\Program Files\Java\jdk1.8.0_181\jre\bin\zip.dll
0x000007fefe060000 - 0x000007fefede9000 	C:\Windows\system32\SHELL32.dll
0x000007fefd660000 - 0x000007fefd863000 	C:\Windows\system32\ole32.dll
0x000007fefd0c0000 - 0x000007fefd0cf000 	C:\Windows\system32\profapi.dll
0x0000000050340000 - 0x0000000050349000 	C:\Program Files\Java\jdk1.8.0_181\jre\bin\dt_socket.dll
0x000007fefc8a0000 - 0x000007fefc8f5000 	C:\Windows\system32\mswsock.dll
0x000007fefc260000 - 0x000007fefc267000 	C:\Windows\System32\wshtcpip.dll

VM Arguments:
jvm_args: -agentlib:jdwp=transport=dt_socket,address=127.0.0.1:52603,suspend=y,server=n -javaagent:C:\Users\Magda\.IntelliJIdea2018.2\system\captureAgent\debugger-agent.jar=file:/C:/Users/Magda/AppData/Local/Temp/capture.props -Dfile.encoding=UTF-8 
java_command: com_kamil_excersize.misztal_edu_pl.spotkanie_7.grupa_zaawansowana.zadanie_8.Main
java_class_path (initial): C:\Program Files\Java\jdk1.8.0_181\jre\lib\charsets.jar;C:\Program Files\Java\jdk1.8.0_181\jre\lib\deploy.jar;C:\Program Files\Java\jdk1.8.0_181\jre\lib\ext\access-bridge-64.jar;C:\Program Files\Java\jdk1.8.0_181\jre\lib\ext\cldrdata.jar;C:\Program Files\Java\jdk1.8.0_181\jre\lib\ext\dnsns.jar;C:\Program Files\Java\jdk1.8.0_181\jre\lib\ext\jaccess.jar;C:\Program Files\Java\jdk1.8.0_181\jre\lib\ext\jfxrt.jar;C:\Program Files\Java\jdk1.8.0_181\jre\lib\ext\localedata.jar;C:\Program Files\Java\jdk1.8.0_181\jre\lib\ext\nashorn.jar;C:\Program Files\Java\jdk1.8.0_181\jre\lib\ext\sunec.jar;C:\Program Files\Java\jdk1.8.0_181\jre\lib\ext\sunjce_provider.jar;C:\Program Files\Java\jdk1.8.0_181\jre\lib\ext\sunmscapi.jar;C:\Program Files\Java\jdk1.8.0_181\jre\lib\ext\sunpkcs11.jar;C:\Program Files\Java\jdk1.8.0_181\jre\lib\ext\zipfs.jar;C:\Program Files\Java\jdk1.8.0_181\jre\lib\javaws.jar;C:\Program Files\Java\jdk1.8.0_181\jre\lib\jce.jar;C:\Program Files\Java\jdk1.8.0_181\jre\lib\jfr.jar;C:\Program Files\Java\jdk1.8.0_181\jre\lib\jfxswt.jar;C:\Program Files\Java\jdk1.8.0_181\jre\lib\jsse.jar;C:\Program Files\Java\jdk1.8.0_181\jre\lib\management-agent.jar;C:\Program Files\Java\jdk1.8.0_181\jre\lib\plugin.jar;C:\Program Files\Java\jdk1.8.0_181\jre\lib\resources.jar;C:\Program Files\Java\jdk1.8.0_181\jre\lib\rt.jar;C:\Users\Magda\IdeaProjects\KozakExcersize\target\classes;C:\Program Files\JetBrains\IntelliJ IDEA 2018.2.4\lib\idea_rt.jar;C:\Users\Magda\.IntelliJIdea2018.2\system\captureAgent\debugger-agent.jar
Launcher Type: SUN_STANDARD

Environment Variables:
PATH=C:\Program Files (x86)\Common Files\Oracle\Java\javapath;C:\ProgramData\Oracle\Java\javapath;C:\PROGRA~2\Borland\CBUILD~1\Bin;C:\PROGRA~2\Borland\CBUILD~1\Projects\Bpl;C:\Program Files (x86)\NVIDIA Corporation\PhysX\Common;C:\Windows\system32;C:\Windows;C:\Windows\System32\Wbem;C:\Windows\System32\WindowsPowerShell\v1.0\;C:\Program Files (x86)\Symfonia\PDF;C:\Program Files\Git\cmd;C:\Program Files\Java\jdk1.8.0_112\bin
USERNAME=Magda
OS=Windows_NT
PROCESSOR_IDENTIFIER=Intel64 Family 6 Model 23 Stepping 10, GenuineIntel



---------------  S Y S T E M  ---------------

OS: Windows 7 , 64 bit Build 7601 (6.1.7601.18869)

CPU:total 2 (initial active 2) (2 cores per cpu, 1 threads per core) family 6 model 23 stepping 10, cmov, cx8, fxsr, mmx, sse, sse2, sse3, ssse3, tsc

Memory: 4k page, physical 3142532k(656208k free), swap 6283228k(1157528k free)

vm_info: Java HotSpot(TM) 64-Bit Server VM (25.181-b13) for windows-amd64 JRE (1.8.0_181-b13), built on Jul  7 2018 04:01:33 by "java_re" with MS VC++ 10.0 (VS2010)

time: Tue Jan 08 12:33:24 2019
elapsed time: 263 seconds (0d 0h 4m 23s)

